2023-08-19 14:07:23,212 INFO u.Listeners [main] Test Started !!
2023-08-19 14:07:24,997 INFO t.Test_Booker [main] Create Booking:: 
2023-08-19 14:07:25,065 INFO u.Listeners [main] Test Started !!
2023-08-19 14:07:26,627 INFO u.Listeners [main] Test Started !!
2023-08-19 14:07:28,302 INFO u.Listeners [main] Test Started !!
2023-08-19 14:17:57,973 INFO u.Listeners [main] Test Started !!
2023-08-19 14:18:00,002 INFO t.Test_Booker [main] Create Booking :: {
    "bookingid": 3469,
    "booking": {
        "firstname": "Brad",
        "lastname": "Pitt",
        "totalprice": 10000,
        "depositpaid": true,
        "bookingdates": {
            "checkin": "2023-01-30",
            "checkout": "2023-01-31"
        },
        "additionalneeds": "Breakfast"
    }
}
2023-08-19 14:19:21,788 INFO u.Listeners [main] Test Started !!
2023-08-19 14:19:23,528 INFO t.Test_Booker [main] Create Booking :: {
    "bookingid": 4255,
    "booking": {
        "firstname": "Brad",
        "lastname": "Pitt",
        "totalprice": 10000,
        "depositpaid": true,
        "bookingdates": {
            "checkin": "2023-01-30",
            "checkout": "2023-01-31"
        },
        "additionalneeds": "Breakfast"
    }
}
2023-08-19 14:20:36,192 INFO u.Listeners [main] Test Started !!
2023-08-19 14:20:38,170 INFO t.Test_Booker [main] Create Booking :: {
    "bookingid": 4898,
    "booking": {
        "firstname": "Brad",
        "lastname": "Pitt",
        "totalprice": 10000,
        "depositpaid": true,
        "bookingdates": {
            "checkin": "2023-01-30",
            "checkout": "2023-01-31"
        },
        "additionalneeds": "Breakfast"
    }
}
2023-08-19 14:22:06,302 INFO u.Listeners [main] Test Started !!
2023-08-19 14:22:08,364 INFO t.Test_Booker [main] Create Booking :: {
    "bookingid": 562,
    "booking": {
        "firstname": "Brad",
        "lastname": "Pitt",
        "totalprice": 10000,
        "depositpaid": true,
        "bookingdates": {
            "checkin": "2023-01-30",
            "checkout": "2023-01-31"
        },
        "additionalneeds": "Breakfast"
    }
}
2023-08-19 14:28:45,762 INFO u.Listeners [main] Test Started !!
2023-08-19 14:28:47,562 INFO t.Test_Booker [main] Create Booking :: {
    "bookingid": 3955,
    "booking": {
        "firstname": "Brad",
        "lastname": "Pitt",
        "totalprice": 10000,
        "depositpaid": true,
        "bookingdates": {
            "checkin": "2023-01-30",
            "checkout": "2023-01-31"
        },
        "additionalneeds": "Breakfast"
    }
}
2023-08-19 14:28:47,574 INFO u.Listeners [main] Test Started !!
2023-08-19 14:28:49,202 INFO u.Listeners [main] Test Started !!
2023-08-19 14:28:50,837 INFO u.Listeners [main] Test Started !!
2023-08-19 14:32:53,265 INFO u.Listeners [main] Test Started !!
2023-08-19 14:32:55,444 INFO t.Test_Booker [main] Create Booking :: 
{
    "bookingid": 52,
    "booking": {
        "firstname": "Brad",
        "lastname": "Pitt",
        "totalprice": 10000,
        "depositpaid": true,
        "bookingdates": {
            "checkin": "2023-01-30",
            "checkout": "2023-01-31"
        },
        "additionalneeds": "Breakfast"
    }
}
2023-08-19 14:32:55,473 INFO u.Listeners [main] Test Started !!
2023-08-19 14:32:58,025 INFO u.Listeners [main] Test Started !!
2023-08-19 14:32:59,527 INFO u.Listeners [main] Test Started !!
2023-08-19 19:51:53,582 INFO u.Listeners [main] Test Started !!
2023-08-19 19:51:55,185 INFO t.Test_Booker [main] Create Booking :: 
{
    "bookingid": 492,
    "booking": {
        "firstname": "Brad",
        "lastname": "Pitt",
        "totalprice": 10000,
        "depositpaid": true,
        "bookingdates": {
            "checkin": "2023-01-30",
            "checkout": "2023-01-31"
        },
        "additionalneeds": "Breakfast"
    }
}
2023-08-19 19:51:55,199 INFO u.Listeners [main] Test Started !!
2023-08-19 19:51:56,522 INFO u.Listeners [main] Test Started !!
2023-08-19 19:51:57,909 INFO u.Listeners [main] Test Started !!
2023-08-19 19:52:43,161 INFO u.Listeners [main] Test Started !!
2023-08-19 19:52:44,942 INFO t.Test_Booker [main] Create Booking :: 
{
    "bookingid": 910,
    "booking": {
        "firstname": "Brad",
        "lastname": "Pitt",
        "totalprice": 10000,
        "depositpaid": true,
        "bookingdates": {
            "checkin": "2023-01-30",
            "checkout": "2023-01-31"
        },
        "additionalneeds": "Breakfast"
    }
}
2023-08-19 19:52:44,954 INFO u.Listeners [main] Test Started !!
2023-08-19 19:52:46,302 INFO u.Listeners [main] Test Started !!
2023-08-19 19:52:47,716 INFO u.Listeners [main] Test Started !!
2023-08-19 20:17:48,530 INFO u.Listeners [main] Test Started !!
2023-08-19 20:17:50,140 INFO t.Test_Booker [main] Create Booking :: 
{
    "bookingid": 3534,
    "booking": {
        "firstname": "Brad",
        "lastname": "Pitt",
        "totalprice": 10000,
        "depositpaid": true,
        "bookingdates": {
            "checkin": "2023-01-30",
            "checkout": "2023-01-31"
        },
        "additionalneeds": "Breakfast"
    }
}
2023-08-19 20:17:50,153 INFO u.Listeners [main] Test Started !!
2023-08-19 20:17:51,479 INFO u.Listeners [main] Test Started !!
2023-08-19 20:17:52,888 INFO u.Listeners [main] Test Started !!
